[2018-08-25T10:43:17.568] [ERROR] cheese - Cheese is too ripe!
[2018-08-25T10:43:17.571] [FATAL] cheese - Cheese was breeding ground for listeria.
[2018-08-25T10:48:14.366] [INFO] cheese - getArticleList
[2018-08-25T10:48:30.460] [INFO] cheese - getArticleList
[2018-08-25T10:49:27.502] [INFO] cheese - getArt==>44a68528-2549-4754-9e47-2791d09883e7
[2018-08-25T10:49:44.556] [INFO] cheese - getArt==>44a68528-2549-4754-9e47-2791d09883e7
[2018-08-25T11:15:05.581] [INFO] cheese - getArticleList
[2018-08-25T11:15:06.817] [INFO] cheese - getArt==>44a68528-2549-4754-9e47-2791d09883e7
[2018-08-25T11:15:17.291] [INFO] cheese - getArticleList
[2018-08-25T11:15:20.889] [INFO] cheese - getArt==>44a68528-2549-4754-9e47-2791d09883e7
[2018-08-25T12:03:03.340] [INFO] cheese - getArt==>44a68528-2549-4754-9e47-2791d09883e7
[2018-08-25T12:17:05.087] [INFO] cheese - getArt==>44a68528-2549-4754-9e47-2791d09883e7
[2018-08-25T12:20:10.916] [INFO] cheese - getArt==>44a68528-2549-4754-9e47-2791d09883e7
[2018-08-25T12:21:21.015] [INFO] cheese - getArticleList
[2018-08-25T12:21:22.287] [INFO] cheese - getArticleList
[2018-08-25T12:21:23.156] [INFO] cheese - getArt==>44a68528-2549-4754-9e47-2791d09883e7
[2018-08-25T12:21:26.283] [INFO] cheese - getArt==>44a68528-2549-4754-9e47-2791d09883e7
[2018-08-25T12:21:37.541] [INFO] cheese - getArticleList
[2018-08-25T12:21:40.077] [INFO] cheese - getArticleList
[2018-08-25T12:21:44.457] [INFO] cheese - getArt==>44a68528-2549-4754-9e47-2791d09883e7
[2018-08-25T12:21:45.105] [INFO] cheese - getArt==>44a68528-2549-4754-9e47-2791d09883e7
[2018-08-25T12:26:28.913] [INFO] cheese - getArticleList
[2018-08-25T12:26:49.362] [INFO] cheese - getArticleList
[2018-08-25T12:26:50.530] [INFO] cheese - getArticleList
[2018-08-25T12:26:54.753] [INFO] cheese - getArticleList
[2018-08-25T12:30:46.655] [INFO] cheese - getArt==>44a68528-2549-4754-9e47-2791d09883e7
[2018-08-25T12:31:14.108] [INFO] cheese - getArt==>44a68528-2549-4754-9e47-2791d09883e7
[2018-08-25T12:33:30.301] [INFO] cheese - getArticleList
[2018-08-25T12:33:44.302] [INFO] cheese - getArt==>44a68528-2549-4754-9e47-2791d09883e7
[2018-08-25T12:34:08.668] [INFO] cheese - getArticleList
[2018-08-25T12:34:21.988] [INFO] cheese - getArticleList
[2018-08-25T12:36:32.384] [INFO] cheese - getArticleList
[2018-08-25T12:41:57.872] [INFO] cheese - getArticleList
[2018-08-25T12:43:11.762] [INFO] cheese - getArticleList
[2018-08-25T12:43:12.777] [INFO] cheese - getArt==>44a68528-2549-4754-9e47-2791d09883e7
[2018-08-25T12:43:12.779] [ERROR] cheese - ER_PARSE_ERROR: You have an error in your SQL syntax; check the manual that corresponds to your MySQL server version for the right syntax to use near 'read = read+1 where aid = '44a68528-2549-4754-9e47-2791d09883e7'' at line 1
[2018-08-25T12:43:22.010] [INFO] cheese - getArt==>44a68528-2549-4754-9e47-2791d09883e7
[2018-08-25T12:43:22.011] [ERROR] cheese - ER_PARSE_ERROR: You have an error in your SQL syntax; check the manual that corresponds to your MySQL server version for the right syntax to use near 'read = read+1 where aid = '44a68528-2549-4754-9e47-2791d09883e7'' at line 1
[2018-08-25T12:43:22.676] [INFO] cheese - getArt==>44a68528-2549-4754-9e47-2791d09883e7
[2018-08-25T12:43:22.677] [ERROR] cheese - ER_PARSE_ERROR: You have an error in your SQL syntax; check the manual that corresponds to your MySQL server version for the right syntax to use near 'read = read+1 where aid = '44a68528-2549-4754-9e47-2791d09883e7'' at line 1
[2018-08-25T12:43:23.088] [INFO] cheese - getArt==>44a68528-2549-4754-9e47-2791d09883e7
[2018-08-25T12:43:23.089] [ERROR] cheese - ER_PARSE_ERROR: You have an error in your SQL syntax; check the manual that corresponds to your MySQL server version for the right syntax to use near 'read = read+1 where aid = '44a68528-2549-4754-9e47-2791d09883e7'' at line 1
[2018-08-25T12:43:23.288] [INFO] cheese - getArt==>44a68528-2549-4754-9e47-2791d09883e7
[2018-08-25T12:43:23.288] [ERROR] cheese - ER_PARSE_ERROR: You have an error in your SQL syntax; check the manual that corresponds to your MySQL server version for the right syntax to use near 'read = read+1 where aid = '44a68528-2549-4754-9e47-2791d09883e7'' at line 1
[2018-08-25T13:28:19.152] [INFO] cheese - getArticleList
[2018-08-25T13:28:20.746] [INFO] cheese - getArt==>44a68528-2549-4754-9e47-2791d09883e7
[2018-08-25T13:28:20.747] [ERROR] cheese - ER_PARSE_ERROR: You have an error in your SQL syntax; check the manual that corresponds to your MySQL server version for the right syntax to use near 'read = read+1 where aid = '44a68528-2549-4754-9e47-2791d09883e7'' at line 1
[2018-08-25T15:53:51.912] [INFO] cheese - getArt==>44a68528-2549-4754-9e47-2791d09883e7
[2018-08-25T15:53:51.913] [ERROR] cheese - ER_PARSE_ERROR: You have an error in your SQL syntax; check the manual that corresponds to your MySQL server version for the right syntax to use near 'read = read+1 where aid = '44a68528-2549-4754-9e47-2791d09883e7'' at line 1
[2018-08-26T09:55:50.527] [INFO] cheese - getArt==>44a68528-2549-4754-9e47-2791d09883e7
[2018-08-26T09:55:50.529] [ERROR] cheese - ER_PARSE_ERROR: You have an error in your SQL syntax; check the manual that corresponds to your MySQL server version for the right syntax to use near 'read = read + 1 where aid = '44a68528-2549-4754-9e47-2791d09883e7'' at line 1
[2018-08-26T09:55:57.775] [INFO] cheese - getArt==>44a68528-2549-4754-9e47-2791d09883e7
[2018-08-26T09:55:57.776] [ERROR] cheese - ER_PARSE_ERROR: You have an error in your SQL syntax; check the manual that corresponds to your MySQL server version for the right syntax to use near 'read = read + 1 where aid = '44a68528-2549-4754-9e47-2791d09883e7'' at line 1
[2018-08-26T09:56:39.532] [INFO] cheese - getArt==>44a68528-2549-4754-9e47-2791d09883e713
[2018-08-26T09:56:39.533] [ERROR] cheese - ER_PARSE_ERROR: You have an error in your SQL syntax; check the manual that corresponds to your MySQL server version for the right syntax to use near 'read = read + 1 where aid = '44a68528-2549-4754-9e47-2791d09883e713'' at line 1
[2018-08-26T09:57:06.213] [INFO] cheese - getArt==>44a68528-2549-4754-9e47-2791d09883e713
[2018-08-26T09:57:06.214] [ERROR] cheese - ER_PARSE_ERROR: You have an error in your SQL syntax; check the manual that corresponds to your MySQL server version for the right syntax to use near 'read = read + 1 where aid = '44a68528-2549-4754-9e47-2791d09883e713'' at line 1
[2018-08-26T09:57:11.042] [INFO] cheese - getArt==>44a68528-2549-4754-9e47-2791d09883e7
[2018-08-26T09:57:11.043] [ERROR] cheese - ER_PARSE_ERROR: You have an error in your SQL syntax; check the manual that corresponds to your MySQL server version for the right syntax to use near 'read = read + 1 where aid = '44a68528-2549-4754-9e47-2791d09883e7'' at line 1
[2018-08-26T09:57:12.213] [INFO] cheese - getArt==>44a68528-2549-4754-9e47-2791d09883e7
[2018-08-26T09:57:12.213] [ERROR] cheese - ER_PARSE_ERROR: You have an error in your SQL syntax; check the manual that corresponds to your MySQL server version for the right syntax to use near 'read = read + 1 where aid = '44a68528-2549-4754-9e47-2791d09883e7'' at line 1
[2018-08-26T09:57:49.069] [INFO] cheese - getArt==>44a68528-2549-4754-9e47-2791d09883e7
[2018-08-26T09:57:49.651] [INFO] cheese - getArt==>44a68528-2549-4754-9e47-2791d09883e7
[2018-08-26T09:57:49.995] [INFO] cheese - getArt==>44a68528-2549-4754-9e47-2791d09883e7
[2018-08-26T09:57:50.163] [INFO] cheese - getArt==>44a68528-2549-4754-9e47-2791d09883e7
[2018-08-26T09:57:50.332] [INFO] cheese - getArt==>44a68528-2549-4754-9e47-2791d09883e7
[2018-08-26T09:57:50.485] [INFO] cheese - getArt==>44a68528-2549-4754-9e47-2791d09883e7
[2018-08-26T09:58:03.885] [INFO] cheese - getArt==>44a68528-2549-4754-9e47-2791d09883e7
[2018-08-26T09:58:05.237] [INFO] cheese - getArt==>44a68528-2549-4754-9e47-2791d09883e7
[2018-08-26T09:58:49.067] [INFO] cheese - getArt==>44a68528-2549-4754-9e47-2791d09883e7555
[2018-08-26T09:58:54.444] [INFO] cheese - getArt==>44a68528-2549-4754-9e47-2791d09883e7
[2018-08-26T09:58:55.006] [INFO] cheese - getArt==>44a68528-2549-4754-9e47-2791d09883e7
[2018-08-26T10:48:30.178] [INFO] cheese - getArticleList
[2018-08-26T10:48:30.447] [INFO] cheese - getArticleList
[2018-08-26T10:48:32.079] [INFO] cheese - getArt==>44a68528-2549-4754-9e47-2791d09883e7
[2018-08-26T10:48:36.801] [INFO] cheese - getArticleList
[2018-08-26T10:50:09.840] [INFO] cheese - getArt==>44a68528-2549-4754-9e47-2791d09883e7
[2018-08-26T10:51:19.392] [INFO] cheese - getArticleList
[2018-08-26T10:52:41.770] [INFO] cheese - getArticleList
[2018-08-26T10:52:44.351] [INFO] cheese - getArticleList
[2018-08-26T10:52:45.453] [INFO] cheese - getArticleList
[2018-08-26T10:52:47.244] [INFO] cheese - getArticleList
[2018-08-26T10:52:48.549] [INFO] cheese - getArticleList
[2018-08-26T10:52:56.987] [INFO] cheese - getArticleList
[2018-08-26T10:59:17.207] [INFO] cheese - getArticleList
[2018-08-26T10:59:57.582] [INFO] cheese - getArticleList
[2018-08-26T10:59:58.730] [INFO] cheese - getArticleList
[2018-08-26T10:59:59.333] [INFO] cheese - getArticleList
[2018-08-26T10:59:59.929] [INFO] cheese - getArticleList
[2018-08-26T11:00:43.369] [INFO] cheese - getArticleList
[2018-08-26T11:00:44.081] [INFO] cheese - getArt==>44a68528-2549-4754-9e47-2791d09883e7
[2018-08-26T11:00:56.143] [INFO] cheese - getArticleList
[2018-08-26T11:00:57.986] [INFO] cheese - getArticleList
[2018-08-26T11:03:23.872] [INFO] cheese - getArticleList
[2018-08-26T11:03:25.637] [INFO] cheese - getArticleList
[2018-08-26T11:10:38.174] [INFO] cheese - getArticleList
[2018-08-26T11:10:43.491] [INFO] cheese - getArticleList
[2018-08-26T11:11:38.543] [INFO] cheese - getArticleList
[2018-08-26T11:13:54.331] [INFO] cheese - getArticleList
[2018-08-26T11:14:25.617] [INFO] cheese - getArticleList
[2018-08-26T11:14:26.731] [INFO] cheese - getArticleList
[2018-08-26T11:14:27.146] [INFO] cheese - getArticleList
[2018-08-26T11:14:27.332] [INFO] cheese - getArticleList
[2018-08-26T11:14:27.506] [INFO] cheese - getArticleList
[2018-08-26T11:14:27.667] [INFO] cheese - getArticleList
[2018-08-26T11:14:27.826] [INFO] cheese - getArticleList
[2018-08-26T11:14:27.995] [INFO] cheese - getArticleList
[2018-08-26T11:14:28.169] [INFO] cheese - getArticleList
[2018-08-26T11:14:28.346] [INFO] cheese - getArticleList
[2018-08-26T11:14:33.391] [INFO] cheese - getArticleList
[2018-08-26T11:14:34.396] [INFO] cheese - getArticleList
[2018-08-26T11:14:38.331] [INFO] cheese - getArticleList
[2018-08-26T11:14:38.943] [INFO] cheese - getArticleList
[2018-08-26T11:14:40.908] [INFO] cheese - getArticleList
[2018-08-26T11:14:42.786] [INFO] cheese - getArticleList
[2018-08-26T11:14:46.986] [INFO] cheese - getArticleList
[2018-08-26T11:14:47.538] [INFO] cheese - getArticleList
[2018-08-26T11:14:47.770] [INFO] cheese - getArticleList
[2018-08-26T11:14:47.954] [INFO] cheese - getArticleList
[2018-08-26T11:14:48.124] [INFO] cheese - getArticleList
[2018-08-26T11:14:50.068] [INFO] cheese - getArticleList
[2018-08-26T11:14:50.891] [INFO] cheese - getArticleList
[2018-08-26T11:14:51.226] [INFO] cheese - getArticleList
[2018-08-26T11:14:51.394] [INFO] cheese - getArticleList
[2018-08-26T11:19:30.368] [INFO] cheese - getArticleList
[2018-08-26T11:19:30.502] [INFO] cheese - getArticleList
[2018-08-26T11:20:25.050] [INFO] cheese - getArticleList
[2018-08-26T11:20:25.051] [INFO] cheese - getArticleList
[2018-08-26T11:20:25.181] [INFO] cheese - getArticleList
[2018-08-26T11:20:31.870] [INFO] cheese - getArticleList
[2018-08-26T11:20:31.985] [INFO] cheese - getArticleList
[2018-08-26T11:20:32.557] [INFO] cheese - getArticleList
[2018-08-26T11:20:32.665] [INFO] cheese - getArticleList
[2018-08-26T11:20:33.027] [INFO] cheese - getArticleList
[2018-08-26T11:20:33.134] [INFO] cheese - getArticleList
[2018-08-26T11:20:33.213] [INFO] cheese - getArticleList
[2018-08-26T11:20:33.318] [INFO] cheese - getArticleList
[2018-08-26T11:20:33.406] [INFO] cheese - getArticleList
[2018-08-26T11:20:33.561] [INFO] cheese - getArticleList
[2018-08-26T11:20:35.741] [INFO] cheese - getArticleList
[2018-08-26T11:20:35.849] [INFO] cheese - getArticleList
[2018-08-26T11:20:38.140] [INFO] cheese - getArticleList
[2018-08-26T11:20:38.251] [INFO] cheese - getArticleList
[2018-08-26T11:20:38.660] [INFO] cheese - getArticleList
[2018-08-26T11:20:38.765] [INFO] cheese - getArticleList
[2018-08-26T11:20:39.052] [INFO] cheese - getArticleList
[2018-08-26T11:20:39.193] [INFO] cheese - getArticleList
[2018-08-26T11:20:39.237] [INFO] cheese - getArticleList
[2018-08-26T11:20:39.351] [INFO] cheese - getArticleList
[2018-08-26T11:25:30.026] [INFO] cheese - getArticleList
[2018-08-26T11:25:30.323] [INFO] cheese - getArticleList
[2018-08-26T11:25:31.583] [INFO] cheese - getArticleList
[2018-08-26T11:25:33.237] [INFO] cheese - getArticleList
[2018-08-26T11:25:34.466] [INFO] cheese - getArticleList
[2018-08-26T11:25:40.595] [INFO] cheese - getArticleList
[2018-08-26T11:25:41.558] [INFO] cheese - getArticleList
[2018-08-26T11:25:42.494] [INFO] cheese - getArticleList
[2018-08-26T11:25:43.116] [INFO] cheese - getArticleList
[2018-08-26T11:25:43.556] [INFO] cheese - getArticleList
[2018-08-26T11:25:44.105] [INFO] cheese - getArticleList
[2018-08-26T11:25:44.689] [INFO] cheese - getArticleList
[2018-08-26T11:27:41.672] [INFO] cheese - getArticleList
[2018-08-26T11:28:14.700] [INFO] cheese - getArticleList
[2018-08-26T11:28:15.478] [INFO] cheese - getArticleList
[2018-08-26T11:28:16.547] [INFO] cheese - getArticleList
[2018-08-26T11:28:17.019] [INFO] cheese - getArticleList
[2018-08-26T11:28:18.290] [INFO] cheese - getArticleList
[2018-08-26T11:28:20.862] [INFO] cheese - getArticleList
[2018-08-26T11:28:21.492] [INFO] cheese - getArticleList
[2018-08-26T11:28:22.570] [INFO] cheese - getArticleList
[2018-08-26T11:28:23.001] [INFO] cheese - getArticleList
[2018-08-26T11:28:34.426] [INFO] cheese - getArticleList
[2018-08-26T11:28:35.893] [INFO] cheese - getArticleList
[2018-08-26T11:28:37.371] [INFO] cheese - getArticleList
[2018-08-26T11:28:55.215] [INFO] cheese - getArticleList
[2018-08-26T11:28:57.838] [INFO] cheese - getArticleList
[2018-08-26T11:28:58.844] [INFO] cheese - getArticleList
[2018-08-26T11:29:00.330] [INFO] cheese - getArticleList
[2018-08-26T11:29:37.916] [INFO] cheese - getArticleList
[2018-08-26T11:29:39.015] [INFO] cheese - getArticleList
[2018-08-26T11:29:39.453] [INFO] cheese - getArticleList
[2018-08-26T11:29:39.892] [INFO] cheese - getArticleList
[2018-08-26T11:29:40.458] [INFO] cheese - getArticleList
[2018-08-26T11:29:41.005] [INFO] cheese - getArticleList
[2018-08-26T11:30:02.081] [INFO] cheese - getArticleList
[2018-08-26T11:30:03.203] [INFO] cheese - getArticleList
[2018-08-26T11:30:03.787] [INFO] cheese - getArticleList
[2018-08-26T11:30:04.631] [INFO] cheese - getArticleList
[2018-08-26T11:30:05.204] [INFO] cheese - getArticleList
[2018-08-26T11:30:05.740] [INFO] cheese - getArticleList
[2018-08-26T11:30:14.964] [INFO] cheese - getArticleList
[2018-08-26T11:30:15.752] [INFO] cheese - getArticleList
[2018-08-26T11:30:16.429] [INFO] cheese - getArticleList
[2018-08-26T11:30:18.052] [INFO] cheese - getArticleList
[2018-08-26T11:30:19.770] [INFO] cheese - getArticleList
[2018-08-26T11:30:21.363] [INFO] cheese - getArticleList
[2018-08-26T11:30:54.134] [INFO] cheese - getArticleList
[2018-08-26T11:30:55.006] [INFO] cheese - getArticleList
[2018-08-26T11:30:55.516] [INFO] cheese - getArticleList
[2018-08-26T11:30:55.963] [INFO] cheese - getArticleList
[2018-08-26T11:30:57.546] [INFO] cheese - getArticleList
[2018-08-26T11:30:58.185] [INFO] cheese - getArticleList
[2018-08-26T11:32:54.293] [INFO] cheese - getArticleList
[2018-08-26T11:32:54.295] [INFO] cheese - getArticleList
[2018-08-26T11:32:54.296] [INFO] cheese - getArticleList
[2018-08-26T11:32:54.298] [INFO] cheese - getArticleList
[2018-08-26T11:33:19.313] [INFO] cheese - getArt==>44a68528-2549-4754-9e47-2791d09883e7
[2018-08-26T11:33:20.066] [INFO] cheese - getArticleList
[2018-08-26T11:33:21.811] [INFO] cheese - getArticleList
[2018-08-26T11:33:23.031] [INFO] cheese - getArticleList
[2018-08-26T11:33:23.812] [INFO] cheese - getArticleList
[2018-08-26T11:33:24.260] [INFO] cheese - getArticleList
[2018-08-26T11:33:24.706] [INFO] cheese - getArticleList
[2018-08-26T11:33:39.872] [INFO] cheese - getArticleList
[2018-08-26T11:33:41.763] [INFO] cheese - getArticleList
[2018-08-26T11:33:43.047] [INFO] cheese - getArticleList
[2018-08-26T11:33:48.084] [INFO] cheese - getArticleList
[2018-08-26T11:33:48.756] [INFO] cheese - getArticleList
[2018-08-26T11:33:49.747] [INFO] cheese - getArticleList
[2018-08-26T11:34:45.155] [INFO] cheese - getArticleList
[2018-08-26T11:34:46.444] [INFO] cheese - getArticleList
[2018-08-26T11:34:47.327] [INFO] cheese - getArticleList
[2018-08-26T11:34:49.020] [INFO] cheese - getArticleList
[2018-08-26T11:34:50.607] [INFO] cheese - getArticleList
[2018-08-26T11:34:51.165] [INFO] cheese - getArticleList
[2018-08-26T11:34:51.637] [INFO] cheese - getArticleList
[2018-08-26T11:34:52.050] [INFO] cheese - getArticleList
[2018-08-26T11:35:19.405] [INFO] cheese - getArticleList
[2018-08-26T11:35:19.407] [INFO] cheese - getArticleList
[2018-08-26T11:35:19.409] [INFO] cheese - getArticleList
[2018-08-26T11:36:50.623] [INFO] cheese - getArticleList
[2018-08-26T11:38:49.146] [INFO] cheese - getArt==>44a68528-2549-4754-9e47-2791d09883e7
[2018-08-26T11:38:49.167] [INFO] cheese - getArticleList
[2018-08-26T11:39:18.049] [INFO] cheese - getArticleList
[2018-08-26T11:39:19.291] [INFO] cheese - getArticleList
[2018-08-26T11:39:19.955] [INFO] cheese - getArticleList
[2018-08-26T11:39:20.450] [INFO] cheese - getArticleList
[2018-08-26T11:39:20.850] [INFO] cheese - getArticleList
[2018-08-26T11:39:21.043] [INFO] cheese - getArticleList
[2018-08-26T11:39:21.226] [INFO] cheese - getArticleList
[2018-08-26T11:39:21.490] [INFO] cheese - getArticleList
[2018-08-26T11:39:21.689] [INFO] cheese - getArticleList
[2018-08-26T11:39:21.865] [INFO] cheese - getArticleList
[2018-08-26T11:39:22.034] [INFO] cheese - getArticleList
[2018-08-26T11:39:22.219] [INFO] cheese - getArticleList
[2018-08-26T11:39:22.418] [INFO] cheese - getArticleList
[2018-08-26T11:39:22.594] [INFO] cheese - getArticleList
[2018-08-26T11:39:22.786] [INFO] cheese - getArticleList
[2018-08-26T11:39:22.963] [INFO] cheese - getArticleList
[2018-08-26T11:39:23.146] [INFO] cheese - getArticleList
[2018-08-26T11:39:23.371] [INFO] cheese - getArticleList
[2018-08-26T11:39:23.626] [INFO] cheese - getArticleList
[2018-08-26T11:39:24.203] [INFO] cheese - getArticleList
[2018-08-26T11:39:24.706] [INFO] cheese - getArticleList
[2018-08-26T11:39:25.155] [INFO] cheese - getArticleList
[2018-08-26T11:39:25.618] [INFO] cheese - getArticleList
[2018-08-26T11:39:26.052] [INFO] cheese - getArticleList
[2018-08-26T11:39:26.457] [INFO] cheese - getArticleList
[2018-08-26T11:39:26.842] [INFO] cheese - getArticleList
[2018-08-26T11:39:27.241] [INFO] cheese - getArticleList
[2018-08-26T11:39:27.626] [INFO] cheese - getArticleList
[2018-08-26T11:39:27.974] [INFO] cheese - getArticleList
[2018-08-26T11:39:30.367] [INFO] cheese - getArticleList
[2018-08-26T11:39:30.972] [INFO] cheese - getArticleList
[2018-08-26T11:39:31.588] [INFO] cheese - getArticleList
[2018-08-26T11:39:32.060] [INFO] cheese - getArticleList
[2018-08-26T11:40:49.278] [INFO] cheese - getArt==>44a68528-2549-4754-9e47-2791d09883e7
[2018-08-26T11:40:49.297] [INFO] cheese - getArticleList
[2018-08-26T11:45:10.188] [INFO] cheese - getArticleList
[2018-08-26T11:45:12.409] [INFO] cheese - getArticleList
[2018-08-26T11:45:12.932] [INFO] cheese - getArticleList
[2018-08-26T11:45:13.380] [INFO] cheese - getArticleList
[2018-08-26T11:45:13.753] [INFO] cheese - getArticleList
[2018-08-26T11:45:13.946] [INFO] cheese - getArticleList
[2018-08-26T11:45:14.122] [INFO] cheese - getArticleList
[2018-08-26T11:45:14.588] [INFO] cheese - getArticleList
[2018-08-26T11:45:15.238] [INFO] cheese - getArticleList
[2018-08-26T11:45:16.085] [INFO] cheese - getArticleList
[2018-08-26T11:45:18.161] [INFO] cheese - getArticleList
[2018-08-26T11:45:19.149] [INFO] cheese - getArticleList
[2018-08-26T11:45:21.309] [INFO] cheese - getArticleList
[2018-08-26T11:45:21.773] [INFO] cheese - getArticleList
[2018-08-26T11:45:22.278] [INFO] cheese - getArticleList
[2018-08-26T11:45:22.999] [INFO] cheese - getArticleList
[2018-08-26T11:45:23.710] [INFO] cheese - getArticleList
[2018-08-26T11:45:24.270] [INFO] cheese - getArticleList
[2018-08-26T11:45:24.774] [INFO] cheese - getArticleList
[2018-08-26T11:45:25.270] [INFO] cheese - getArticleList
[2018-08-26T11:45:25.655] [INFO] cheese - getArticleList
[2018-08-26T11:45:25.872] [INFO] cheese - getArticleList
[2018-08-26T11:45:26.070] [INFO] cheese - getArticleList
[2018-08-26T11:45:26.245] [INFO] cheese - getArticleList
[2018-08-26T11:45:26.409] [INFO] cheese - getArticleList
[2018-08-26T11:45:26.589] [INFO] cheese - getArticleList
[2018-08-26T11:45:26.765] [INFO] cheese - getArticleList
[2018-08-26T11:45:26.942] [INFO] cheese - getArticleList
[2018-08-26T11:45:27.127] [INFO] cheese - getArticleList
[2018-08-26T11:45:27.302] [INFO] cheese - getArticleList
[2018-08-26T11:45:27.487] [INFO] cheese - getArticleList
[2018-08-26T11:45:27.670] [INFO] cheese - getArticleList
[2018-08-26T11:45:27.855] [INFO] cheese - getArticleList
[2018-08-26T11:45:28.039] [INFO] cheese - getArticleList
[2018-08-26T11:45:28.230] [INFO] cheese - getArticleList
[2018-08-26T11:45:28.413] [INFO] cheese - getArticleList
[2018-08-26T11:45:28.588] [INFO] cheese - getArticleList
[2018-08-26T11:45:28.781] [INFO] cheese - getArticleList
[2018-08-26T11:45:28.982] [INFO] cheese - getArticleList
[2018-08-26T11:45:29.181] [INFO] cheese - getArticleList
[2018-08-26T11:45:29.374] [INFO] cheese - getArticleList
[2018-08-26T11:45:29.573] [INFO] cheese - getArticleList
[2018-08-26T11:45:29.773] [INFO] cheese - getArticleList
[2018-08-26T11:45:29.972] [INFO] cheese - getArticleList
[2018-08-26T11:46:42.871] [INFO] cheese - getArticleList
[2018-08-26T11:46:43.577] [INFO] cheese - getArticleList
[2018-08-26T11:46:44.120] [INFO] cheese - getArticleList
[2018-08-26T11:46:45.054] [INFO] cheese - getArticleList
[2018-08-26T11:46:45.891] [INFO] cheese - getArticleList
[2018-08-26T11:46:47.044] [INFO] cheese - getArticleList
[2018-08-26T11:46:47.906] [INFO] cheese - getArticleList
[2018-08-26T11:47:06.390] [INFO] cheese - getArticleList
[2018-08-26T11:47:08.246] [INFO] cheese - getArticleList
[2018-08-26T11:47:08.971] [INFO] cheese - getArticleList
[2018-08-26T11:47:09.515] [INFO] cheese - getArticleList
[2018-08-26T11:47:09.906] [INFO] cheese - getArticleList
[2018-08-26T11:47:10.346] [INFO] cheese - getArticleList
[2018-08-26T11:49:06.520] [INFO] cheese - getArticleList
[2018-08-26T11:52:57.678] [INFO] cheese - getArticleList
[2018-08-26T11:53:03.237] [INFO] cheese - getArticleList
[2018-08-26T11:53:03.827] [INFO] cheese - getArticleList
[2018-08-26T11:53:04.259] [INFO] cheese - getArticleList
[2018-08-26T11:53:04.587] [INFO] cheese - getArticleList
[2018-08-26T11:53:04.996] [INFO] cheese - getArticleList
[2018-08-26T11:53:05.346] [INFO] cheese - getArticleList
[2018-08-26T11:53:06.690] [INFO] cheese - getArticleList
[2018-08-26T11:53:07.067] [INFO] cheese - getArticleList
[2018-08-26T11:53:07.427] [INFO] cheese - getArticleList
[2018-08-26T11:53:07.812] [INFO] cheese - getArticleList
[2018-08-26T11:53:08.210] [INFO] cheese - getArticleList
[2018-08-26T11:53:08.546] [INFO] cheese - getArticleList
[2018-08-26T11:53:08.922] [INFO] cheese - getArticleList
[2018-08-26T11:53:09.267] [INFO] cheese - getArticleList
[2018-08-26T11:53:09.611] [INFO] cheese - getArticleList
[2018-08-26T11:53:09.883] [INFO] cheese - getArticleList
[2018-08-26T11:53:10.186] [INFO] cheese - getArticleList
[2018-08-26T11:53:10.467] [INFO] cheese - getArticleList
[2018-08-26T11:53:10.787] [INFO] cheese - getArticleList
[2018-08-26T11:53:11.075] [INFO] cheese - getArticleList
[2018-08-26T11:53:11.395] [INFO] cheese - getArticleList
[2018-08-26T11:53:11.668] [INFO] cheese - getArticleList
[2018-08-26T11:53:11.963] [INFO] cheese - getArticleList
[2018-08-26T11:53:12.259] [INFO] cheese - getArticleList
[2018-08-26T11:53:12.546] [INFO] cheese - getArticleList
[2018-08-26T11:53:12.819] [INFO] cheese - getArticleList
[2018-08-26T11:53:13.108] [INFO] cheese - getArticleList
[2018-08-26T11:53:13.426] [INFO] cheese - getArticleList
[2018-08-26T11:53:13.723] [INFO] cheese - getArticleList
[2018-08-26T11:53:14.027] [INFO] cheese - getArticleList
[2018-08-26T11:53:14.387] [INFO] cheese - getArticleList
[2018-08-26T11:53:14.683] [INFO] cheese - getArticleList
[2018-08-26T11:53:14.979] [INFO] cheese - getArticleList
[2018-08-26T11:53:15.298] [INFO] cheese - getArticleList
[2018-08-26T11:53:15.618] [INFO] cheese - getArticleList
[2018-08-26T11:53:15.907] [INFO] cheese - getArticleList
[2018-08-26T11:53:16.203] [INFO] cheese - getArticleList
[2018-08-26T11:53:16.483] [INFO] cheese - getArticleList
[2018-08-26T11:53:16.779] [INFO] cheese - getArticleList
[2018-08-26T11:53:17.139] [INFO] cheese - getArticleList
[2018-08-26T11:53:17.499] [INFO] cheese - getArticleList
[2018-08-26T11:53:17.811] [INFO] cheese - getArticleList
[2018-08-26T11:53:18.219] [INFO] cheese - getArticleList
[2018-08-26T11:53:18.540] [INFO] cheese - getArticleList
[2018-08-26T11:53:18.946] [INFO] cheese - getArticleList
[2018-08-26T11:53:19.314] [INFO] cheese - getArticleList
[2018-08-26T11:53:20.763] [INFO] cheese - getArticleList
[2018-08-26T11:53:21.139] [INFO] cheese - getArticleList
[2018-08-26T11:53:21.435] [INFO] cheese - getArticleList
[2018-08-26T11:53:21.771] [INFO] cheese - getArticleList
[2018-08-26T11:53:22.082] [INFO] cheese - getArticleList
[2018-08-26T11:53:22.594] [INFO] cheese - getArt==>44a68528-2549-4754-9e47-2791d09883e7
[2018-08-26T11:53:24.427] [INFO] cheese - getArticleList
[2018-08-26T11:53:25.088] [INFO] cheese - getArt==>44a68528-2549-4754-9e47-2791d09883e8
[2018-08-26T11:53:27.797] [INFO] cheese - getArticleList
[2018-08-26T11:53:32.858] [INFO] cheese - getArticleList
[2018-08-26T11:53:33.195] [INFO] cheese - getArticleList
[2018-08-26T11:53:33.523] [INFO] cheese - getArticleList
[2018-08-26T11:53:33.835] [INFO] cheese - getArticleList
[2018-08-26T11:53:34.163] [INFO] cheese - getArticleList
[2018-08-26T11:53:34.434] [INFO] cheese - getArticleList
[2018-08-26T11:53:34.714] [INFO] cheese - getArticleList
[2018-08-26T11:53:34.994] [INFO] cheese - getArticleList
[2018-08-26T11:53:35.260] [INFO] cheese - getArticleList
[2018-08-26T11:53:35.523] [INFO] cheese - getArticleList
[2018-08-26T11:53:35.795] [INFO] cheese - getArticleList
[2018-08-26T11:53:36.098] [INFO] cheese - getArticleList
[2018-08-26T11:53:36.379] [INFO] cheese - getArticleList
[2018-08-26T11:53:36.651] [INFO] cheese - getArticleList
[2018-08-26T11:53:36.963] [INFO] cheese - getArticleList
[2018-08-26T11:53:37.268] [INFO] cheese - getArticleList
[2018-08-26T11:53:37.595] [INFO] cheese - getArticleList
[2018-08-26T11:53:37.890] [INFO] cheese - getArticleList
[2018-08-26T11:53:39.187] [INFO] cheese - getArticleList
[2018-08-26T11:53:39.484] [INFO] cheese - getArticleList
[2018-08-26T11:53:39.818] [INFO] cheese - getArticleList
[2018-08-26T11:53:40.147] [INFO] cheese - getArticleList
[2018-08-26T11:53:40.442] [INFO] cheese - getArticleList
[2018-08-26T11:53:40.715] [INFO] cheese - getArticleList
[2018-08-26T11:53:44.429] [INFO] cheese - getArticleList
[2018-08-26T11:53:45.109] [INFO] cheese - getArticleList
[2018-08-26T11:53:46.428] [INFO] cheese - getArticleList
[2018-08-26T11:53:49.755] [INFO] cheese - getArticleList
[2018-08-26T11:53:57.475] [INFO] cheese - getArticleList
[2018-08-26T11:53:58.260] [INFO] cheese - getArticleList
[2018-08-26T11:53:58.732] [INFO] cheese - getArticleList
[2018-08-26T11:53:59.076] [INFO] cheese - getArticleList
[2018-08-26T11:58:00.209] [INFO] cheese - getArticleList
[2018-08-26T11:58:01.319] [INFO] cheese - getArticleList
[2018-08-26T11:58:01.908] [INFO] cheese - getArticleList
[2018-08-26T11:58:02.492] [INFO] cheese - getArticleList
[2018-08-26T11:58:03.739] [INFO] cheese - getArticleList
[2018-08-26T11:58:04.581] [INFO] cheese - getArticleList
[2018-08-26T11:58:44.964] [INFO] cheese - getArticleList
[2018-08-26T11:58:46.012] [INFO] cheese - getArticleList
[2018-08-26T11:58:51.073] [INFO] cheese - getArt==>44a68528-2549-4754-9e47-2791d09883e8
[2018-08-26T11:59:13.741] [INFO] cheese - getArticleList
[2018-08-26T12:09:40.892] [INFO] cheese - getArticleList
[2018-08-26T12:09:42.491] [INFO] cheese - getArticleList
[2018-08-26T12:09:47.585] [INFO] cheese - getArt==>44a68528-2549-4754-9e47-2791d09883e8
[2018-08-26T12:09:49.918] [INFO] cheese - getArticleList
[2018-08-26T12:09:51.169] [INFO] cheese - getArt==>44a68528-2549-4754-9e47-2791d09883e7
[2018-08-26T12:09:52.807] [INFO] cheese - getArticleList
[2018-08-26T12:09:55.473] [INFO] cheese - getArticleList
[2018-08-26T12:16:27.703] [INFO] cheese - getArticleList
[2018-08-26T12:16:28.684] [INFO] cheese - getArt==>44a68528-2549-4754-9e47-2791d09883e7
[2018-08-26T13:26:42.457] [INFO] cheese - getArt==>44a68528-2549-4754-9e47-2791d09883e7
[2018-08-26T13:26:43.100] [INFO] cheese - getArticleList
[2018-08-26T13:26:44.106] [INFO] cheese - getArticleList
[2018-08-26T13:26:45.016] [INFO] cheese - getArt==>44a68528-2549-4754-9e47-2791d09883e8
[2018-08-26T13:26:55.323] [INFO] cheese - getArticleList
[2018-08-26T13:26:56.723] [INFO] cheese - getArt==>44a68528-2549-4754-9e47-2791d09883e7
[2018-08-26T13:26:59.849] [INFO] cheese - getArticleList
[2018-08-26T13:27:01.132] [INFO] cheese - getArt==>44a68528-2549-4754-9e47-2791d09883e8
[2018-08-26T13:27:04.586] [INFO] cheese - getArticleList
[2018-08-26T13:27:07.707] [INFO] cheese - getArt==>44a68528-2549-4754-9e47-2791d09883e8
[2018-08-26T13:27:23.611] [INFO] cheese - getArticleList
[2018-08-26T13:27:24.569] [INFO] cheese - getArticleList
[2018-08-26T13:27:25.161] [INFO] cheese - getArticleList
[2018-08-26T13:27:25.578] [INFO] cheese - getArticleList
[2018-08-26T13:27:26.484] [INFO] cheese - getArt==>44a68528-2549-4754-9e47-2791d09883e8
[2018-08-26T13:27:41.346] [INFO] cheese - getArticleList
[2018-08-26T13:27:41.834] [INFO] cheese - getArticleList
[2018-08-26T13:27:43.145] [INFO] cheese - getArticleList
[2018-08-26T13:27:43.481] [INFO] cheese - getArticleList
[2018-08-26T13:27:44.079] [INFO] cheese - getArt==>44a68528-2549-4754-9e47-2791d09883e8
[2018-08-26T13:28:00.140] [INFO] cheese - getArticleList
[2018-08-26T13:28:00.553] [INFO] cheese - getArticleList
[2018-08-26T13:28:01.620] [INFO] cheese - getArticleList
[2018-08-26T13:28:03.172] [INFO] cheese - getArticleList
[2018-08-26T13:28:04.594] [INFO] cheese - getArticleList
[2018-08-26T13:28:06.628] [INFO] cheese - getArt==>44a68528-2549-4754-9e47-2791d09883e8
[2018-08-26T13:28:48.755] [INFO] cheese - getArticleList
[2018-08-26T13:28:49.370] [INFO] cheese - getArticleList
[2018-08-26T13:28:50.081] [INFO] cheese - getArticleList
[2018-08-26T13:28:50.457] [INFO] cheese - getArticleList
[2018-08-26T13:28:51.734] [INFO] cheese - getArticleList
[2018-08-26T13:29:06.821] [INFO] cheese - getArticleList
[2018-08-26T13:29:07.569] [INFO] cheese - getArticleList
[2018-08-26T13:29:08.265] [INFO] cheese - getArticleList
[2018-08-26T13:29:09.562] [INFO] cheese - getArticleList
[2018-08-26T13:29:10.321] [INFO] cheese - getArticleList
[2018-08-26T13:29:11.384] [INFO] cheese - getArt==>44a68528-2549-4754-9e47-2791d09883e7
[2018-08-26T13:29:13.445] [INFO] cheese - getArticleList
[2018-08-26T13:29:39.205] [INFO] cheese - getArticleList
[2018-08-26T13:29:40.789] [INFO] cheese - getArt==>44a68528-2549-4754-9e47-2791d09883e8
[2018-08-26T13:29:50.387] [INFO] cheese - getArticleList
[2018-08-26T14:00:58.716] [INFO] cheese - getArticleList
[2018-08-26T14:00:59.356] [INFO] cheese - getArt==>44a68528-2549-4754-9e47-2791d09883e8
[2018-08-26T14:01:15.716] [INFO] cheese - getArticleList
[2018-08-26T14:01:18.033] [INFO] cheese - getArticleList
[2018-08-26T14:01:18.744] [INFO] cheese - getArticleList
[2018-08-26T14:01:19.192] [INFO] cheese - getArticleList
[2018-08-26T14:01:20.233] [INFO] cheese - getArticleList
[2018-08-26T15:02:25.486] [INFO] cheese - getArticleList
[2018-08-26T15:02:26.155] [INFO] cheese - getArt==>44a68528-2549-4754-9e47-2791d09883e8
[2018-08-26T15:02:28.475] [INFO] cheese - getArt==>44a68528-2549-4754-9e47-2791d09883e8
[2018-08-26T15:02:29.802] [INFO] cheese - getArt==>44a68528-2549-4754-9e47-2791d09883e8
[2018-08-26T15:02:30.611] [INFO] cheese - getArticleList
[2018-08-26T15:02:31.780] [INFO] cheese - getArt==>44a68528-2549-4754-9e47-2791d09883e7
[2018-08-26T15:02:36.978] [INFO] cheese - getArticleList
[2018-08-26T15:02:37.811] [INFO] cheese - getArt==>44a68528-2549-4754-9e47-2791d09883e8
[2018-08-26T15:02:40.297] [INFO] cheese - getArticleList
[2018-08-26T15:02:41.042] [INFO] cheese - getArt==>44a68528-2549-4754-9e47-2791d09883e7
[2018-08-26T15:03:00.785] [INFO] cheese - getArticleList
[2018-08-26T15:07:54.160] [INFO] cheese - getArticleList
[2018-08-26T15:07:55.364] [INFO] cheese - getArticleList
[2018-08-26T15:07:56.242] [INFO] cheese - getArticleList
[2018-08-26T15:07:57.386] [INFO] cheese - getArticleList
[2018-08-26T15:07:57.996] [INFO] cheese - getArticleList
[2018-08-26T15:07:58.555] [INFO] cheese - getArticleList
[2018-08-26T15:07:59.545] [INFO] cheese - getArt==>44a68528-2549-4754-9e47-2791d09883e8
[2018-08-26T15:08:07.513] [INFO] cheese - getArticleList
[2018-08-26T15:08:08.344] [INFO] cheese - getArticleList
[2018-08-26T15:08:19.273] [INFO] cheese - getArticleList
[2018-08-26T15:08:32.303] [INFO] cheese - getArt==>44a68528-2549-4754-9e47-2791d09883e8
[2018-08-26T15:11:26.470] [INFO] cheese - getArticleList
[2018-08-26T15:11:30.853] [INFO] cheese - getArt==>44a68528-2549-4754-9e47-2791d09883e9
[2018-08-26T15:11:46.098] [INFO] cheese - getArticleList
[2018-08-26T15:46:30.198] [INFO] cheese - getArt==>44a68528-2549-4754-9e47-2791d09883e9
[2018-08-26T15:46:35.481] [INFO] cheese - getArt==>44a68528-2549-4754-9e47-2791d09883e9
[2018-08-26T15:46:36.114] [INFO] cheese - getArt==>44a68528-2549-4754-9e47-2791d09883e9
[2018-08-26T15:46:40.928] [INFO] cheese - getArticleList
[2018-08-26T15:46:41.798] [INFO] cheese - getArticleList
[2018-08-26T15:46:42.773] [INFO] cheese - getArticleList
[2018-08-26T15:46:43.325] [INFO] cheese - getArticleList
[2018-08-26T15:46:46.615] [INFO] cheese - getArt==>44a68528-2549-4754-9e47-2791d09883e9
[2018-08-26T15:51:19.921] [INFO] cheese - getArticleList
[2018-08-26T15:51:22.377] [INFO] cheese - getArt==>44a68528-2549-4754-9e47-2791d09883e9
[2018-08-26T15:51:32.424] [INFO] cheese - getArticleList
[2018-08-26T15:51:34.078] [INFO] cheese - getArticleList
[2018-08-26T15:51:35.117] [INFO] cheese - getArticleList
[2018-08-26T15:53:10.392] [INFO] cheese - getArticleList
[2018-08-26T15:53:11.358] [INFO] cheese - getArticleList
[2018-08-26T17:46:26.842] [INFO] cheese - getArt==>44a68528-2549-4754-9e47-2791d09883e9
[2018-08-29T14:14:24.088] [INFO] cheese - getArticleList
[2018-08-29T14:16:28.581] [INFO] cheese - getArticleList
[2018-08-29T14:16:30.038] [INFO] cheese - getArticleList
[2018-08-29T14:16:30.720] [INFO] cheese - getArticleList
[2018-08-29T14:16:31.562] [INFO] cheese - getArticleList
[2018-08-29T14:16:32.674] [INFO] cheese - getArticleList
[2018-08-29T14:16:34.674] [INFO] cheese - getArticleList
[2018-08-29T14:16:53.489] [INFO] cheese - getArticleList
[2018-08-29T14:17:48.830] [INFO] cheese - getArticleList
[2018-08-29T14:18:22.302] [INFO] cheese - getArticleList
[2018-08-29T14:18:31.128] [INFO] cheese - getArticleList
[2018-08-29T14:18:32.823] [INFO] cheese - getArticleList
[2018-08-29T14:19:43.538] [INFO] cheese - getArt==>44a68528-2549-4754-9e47-2791d09883e9
[2018-08-29T14:19:46.705] [INFO] cheese - getArt==>44a68528-2549-4754-9e47-2791d09883e8
[2018-08-29T14:19:56.864] [INFO] cheese - getArticleList
[2018-08-29T14:19:57.517] [INFO] cheese - getArt==>44a68528-2549-4754-9e47-2791d09883e7
[2018-08-29T14:27:06.245] [INFO] cheese - getArt==>44a68528-2549-4754-9e47-2791d09883e7
[2018-08-29T14:27:21.005] [INFO] cheese - getArt==>44a68528-2549-4754-9e47-2791d09883e7
[2018-08-29T14:27:21.817] [INFO] cheese - getArt==>44a68528-2549-4754-9e47-2791d09883e7
[2018-08-29T14:27:22.204] [INFO] cheese - getArt==>44a68528-2549-4754-9e47-2791d09883e7
[2018-08-29T14:27:22.440] [INFO] cheese - getArt==>44a68528-2549-4754-9e47-2791d09883e7
[2018-08-29T14:27:22.618] [INFO] cheese - getArt==>44a68528-2549-4754-9e47-2791d09883e7
[2018-08-29T14:27:22.793] [INFO] cheese - getArt==>44a68528-2549-4754-9e47-2791d09883e7
[2018-08-29T14:27:22.978] [INFO] cheese - getArt==>44a68528-2549-4754-9e47-2791d09883e7
[2018-08-29T14:27:26.922] [INFO] cheese - getArticleList
[2018-08-29T14:27:34.719] [INFO] cheese - getArticleList
[2018-08-29T14:33:00.811] [INFO] cheese - getArt==>44a68528-2549-4754-9e47-2791d09883e7
[2018-08-29T14:33:08.448] [INFO] cheese - getArticleList
[2018-08-29T14:33:09.948] [INFO] cheese - getArticleList
[2018-08-29T14:33:16.488] [INFO] cheese - getArticleList
[2018-08-29T14:33:17.771] [INFO] cheese - getArticleList
[2018-08-29T14:33:18.320] [INFO] cheese - getArticleList
[2018-08-29T14:33:18.515] [INFO] cheese - getArticleList
[2018-08-29T14:33:18.696] [INFO] cheese - getArticleList
[2018-08-29T14:33:28.142] [INFO] cheese - getArticleList
[2018-08-29T14:33:28.781] [INFO] cheese - getArticleList
[2018-08-29T14:33:29.173] [INFO] cheese - getArticleList
[2018-08-29T14:33:29.595] [INFO] cheese - getArticleList
[2018-08-29T14:33:30.044] [INFO] cheese - getArticleList
[2018-08-29T14:33:30.690] [INFO] cheese - getArticleList
[2018-08-29T14:33:31.211] [INFO] cheese - getArticleList
[2018-08-29T14:33:31.685] [INFO] cheese - getArticleList
[2018-08-29T14:33:32.842] [INFO] cheese - getArticleList
[2018-08-29T14:33:41.283] [INFO] cheese - getArticleList
[2018-08-29T14:33:43.171] [INFO] cheese - getArt==>44a68528-2549-4754-9e47-2791d09883e8
[2018-08-29T14:33:45.541] [INFO] cheese - getArticleList
[2018-08-29T14:33:46.434] [INFO] cheese - getArt==>44a68528-2549-4754-9e47-2791d09883e7
[2018-08-29T14:34:05.733] [INFO] cheese - getArticleList
[2018-08-29T14:34:11.203] [INFO] cheese - getArt==>44a68528-2549-4754-9e47-2791d09883e7
[2018-08-29T14:34:15.662] [INFO] cheese - getArt==>44a68528-2549-4754-9e47-2791d09883e7
[2018-08-29T14:34:32.006] [INFO] cheese - getArticleList
[2018-08-29T14:35:29.901] [INFO] cheese - getArticleList
[2018-08-29T14:35:31.390] [INFO] cheese - getArticleList
[2018-08-29T14:35:31.955] [INFO] cheese - getArticleList
[2018-08-29T14:35:32.797] [INFO] cheese - getArticleList
[2018-08-29T14:35:34.915] [INFO] cheese - getArticleList
[2018-08-29T14:35:35.915] [INFO] cheese - getArticleList
[2018-08-29T14:35:51.012] [INFO] cheese - getArticleList
[2018-08-29T14:36:47.468] [INFO] cheese - getArticleList
[2018-08-29T14:36:50.878] [INFO] cheese - getArticleList
[2018-08-29T14:36:51.907] [INFO] cheese - getArticleList
[2018-08-29T14:37:00.427] [INFO] cheese - getArticleList
[2018-08-29T14:37:01.372] [INFO] cheese - getArt==>44a68528-2549-4754-9e47-2791d09883e7
[2018-08-29T14:37:04.242] [INFO] cheese - getArticleList
[2018-08-29T14:37:05.346] [INFO] cheese - getArticleList
[2018-08-29T14:37:55.471] [INFO] cheese - getArticleList
[2018-08-29T14:37:56.297] [INFO] cheese - getArt==>44a68528-2549-4754-9e47-2791d09883e7
[2018-08-29T14:37:58.842] [INFO] cheese - getArticleList
[2018-08-29T14:39:22.128] [INFO] cheese - getArticleList
[2018-08-29T14:39:24.465] [INFO] cheese - getArt==>44a68528-2549-4754-9e47-2791d09883e9
[2018-08-30T14:40:54.810] [INFO] cheese - getArticleList
[2018-08-30T14:40:56.901] [INFO] cheese - getArticleList
[2018-08-30T14:40:59.215] [INFO] cheese - getArt==>44a68528-2549-4754-9e47-2791d09883e9
[2018-08-30T16:36:25.625] [INFO] cheese - getArticleList
[2018-08-30T16:36:49.701] [INFO] cheese - getArt==>44a68528-2549-4754-9e47-2791d09883e8
[2018-08-30T18:03:04.225] [INFO] cheese - getArt==>44a68528-2549-4754-9e47-2791d09883e8
[2018-08-30T18:14:28.433] [INFO] cheese - getArt==>44a68528-2549-4754-9e47-2791d09883e8
[2018-08-30T18:14:39.123] [INFO] cheese - getArticleList
[2018-08-30T18:14:39.970] [INFO] cheese - getArt==>44a68528-2549-4754-9e47-2791d09883e9
[2018-08-31T11:20:03.451] [INFO] cheese - getArticleList
[2018-08-31T11:33:42.578] [INFO] cheese - getArticleList
[2018-08-31T11:33:45.902] [INFO] cheese - getArt==>44a68528-2549-4754-9e47-2791d09883e9
[2018-08-31T14:05:31.355] [INFO] cheese - getArticleList
[2018-08-31T14:05:35.202] [INFO] cheese - getArt==>44a68528-2549-4754-9e47-2791d09883e9
[2018-08-31T14:05:38.788] [INFO] cheese - getArticleList
[2018-08-31T15:06:59.958] [INFO] cheese - getArticleList
[2018-08-31T15:07:01.632] [INFO] cheese - getArticleList
[2018-08-31T15:07:08.043] [INFO] cheese - getArticleList
[2018-08-31T17:43:06.776] [INFO] cheese - getArticleList
[2018-08-31T17:43:07.867] [INFO] cheese - getArt==>44a68528-2549-4754-9e47-2791d09883e9
[2018-08-31T17:43:57.970] [INFO] cheese - getArticleList
[2018-08-31T17:44:55.893] [INFO] cheese - getArticleList
[2018-08-31T17:45:00.553] [INFO] cheese - getArticleList
[2018-08-31T17:45:09.639] [INFO] cheese - getArticleList
[2018-08-31T17:45:10.882] [INFO] cheese - getArticleList
